{"level":"info","message":"Server running on http://localhost:3000","service":"whatsapp-feedback","timestamp":"2025-09-22T17:20:36.546Z"}
{"error":[{"context":{"key":"to","label":"to","regex":{},"value":" 917719447215"},"message":"\"to\" with value \" 917719447215\" fails to match the required pattern: /^\\+\\d{10,15}$/","path":["to"],"type":"string.pattern.base"}],"level":"warn","message":"Invalid survey input","service":"whatsapp-feedback","timestamp":"2025-09-22T17:20:54.319Z"}
{"level":"error","message":"Error response created \"to\" with value \" 917719447215\" fails to match the required pattern: /^\\+\\d{10,15}$/","service":"whatsapp-feedback","statusCode":400,"timestamp":"2025-09-22T17:20:54.321Z"}
{"level":"info","message":"WhatsApp message sent successfully","messageId":"SMb35132776c70564ed9f984b99236c9e5","retryCount":0,"service":"whatsapp-feedback","timestamp":"2025-09-22T17:22:32.477Z","to":"whatsapp:+917719447215"}
{"level":"info","message":"Survey sent successfully","service":"whatsapp-feedback","timestamp":"2025-09-22T17:22:32.482Z","to":"+917719447215"}
{"data":{"message":"Survey sent successfully","sentTo":"+917719447215","status":"success"},"level":"info","message":"Success response created","service":"whatsapp-feedback","statusCode":200,"timestamp":"2025-09-22T17:22:32.488Z"}
{"level":"info","message":"Server running on http://localhost:3000","service":"whatsapp-feedback","timestamp":"2025-09-22T17:24:29.071Z"}
{"level":"info","message":"Server running on http://localhost:3000","service":"whatsapp-feedback","timestamp":"2025-09-22T17:25:05.910Z"}
{"level":"info","message":"WhatsApp message sent successfully","messageId":"SMb2832f263d1baeb34493c9756e8ee081","retryCount":0,"service":"whatsapp-feedback","timestamp":"2025-09-22T17:25:13.392Z","to":"whatsapp:+917719447215"}
{"level":"info","message":"Survey sent successfully","service":"whatsapp-feedback","timestamp":"2025-09-22T17:25:13.398Z","to":"+917719447215"}
{"data":{"message":"Survey sent successfully","sentTo":"+917719447215","status":"success"},"level":"info","message":"Success response created","service":"whatsapp-feedback","statusCode":200,"timestamp":"2025-09-22T17:25:13.403Z"}
{"level":"info","message":"Server running on http://localhost:3000","service":"whatsapp-feedback","timestamp":"2025-09-22T17:30:57.716Z"}
{"level":"info","message":"WhatsApp message sent successfully","messageId":"SM48bd3dcfcbce7c13233dccc33f1fa6e3","retryCount":0,"service":"whatsapp-feedback","timestamp":"2025-09-22T17:31:21.442Z","to":"whatsapp:+917719447215"}
{"level":"info","message":"Survey sent successfully","service":"whatsapp-feedback","timestamp":"2025-09-22T17:31:21.446Z","to":"+917719447215"}
{"data":{"message":"Survey sent successfully","sentTo":"+917719447215","status":"success"},"level":"info","message":"Success response created","service":"whatsapp-feedback","statusCode":200,"timestamp":"2025-09-22T17:31:21.452Z"}
{"level":"info","message":"Server running on http://localhost:3000","service":"whatsapp-feedback","timestamp":"2025-09-22T17:43:44.646Z"}
{"level":"info","message":"WhatsApp message sent successfully","messageId":"SMd8757ab193c1749ea69fcc21e3530250","retryCount":0,"service":"whatsapp-feedback","timestamp":"2025-09-22T17:50:48.188Z","to":"whatsapp:+917719447215"}
{"level":"info","message":"Survey sent successfully","service":"whatsapp-feedback","timestamp":"2025-09-22T17:50:48.193Z","to":"+917719447215"}
{"data":{"message":"Survey sent successfully","sentTo":"+917719447215","status":"success"},"level":"info","message":"Success response created","service":"whatsapp-feedback","statusCode":200,"timestamp":"2025-09-22T17:50:48.199Z"}
{"level":"info","message":"WhatsApp message sent successfully","messageId":"SM77a42ff164cf4107ca012e0c66268fcf","retryCount":0,"service":"whatsapp-feedback","timestamp":"2025-09-22T17:53:00.521Z","to":"whatsapp:+917719447215"}
{"level":"info","message":"Survey sent successfully","service":"whatsapp-feedback","timestamp":"2025-09-22T17:53:00.524Z","to":"+917719447215"}
{"data":{"message":"Survey sent successfully","sentTo":"+917719447215","status":"success"},"level":"info","message":"Success response created","service":"whatsapp-feedback","statusCode":200,"timestamp":"2025-09-22T17:53:00.526Z"}
{"error":[{"context":{"child":"SmsMessageSid","key":"SmsMessageSid","label":"SmsMessageSid","value":"SM93a4ff58d2e6a4af86859670aa1aa803"},"message":"\"SmsMessageSid\" is not allowed","path":["SmsMessageSid"],"type":"object.unknown"}],"level":"warn","message":"Invalid feedback input","service":"whatsapp-feedback","timestamp":"2025-09-22T17:53:06.441Z"}
{"level":"error","message":"Error response created \"SmsMessageSid\" is not allowed","service":"whatsapp-feedback","statusCode":400,"timestamp":"2025-09-22T17:53:06.444Z"}
{"level":"info","message":"Server running on http://localhost:3000","service":"whatsapp-feedback","timestamp":"2025-09-22T17:54:53.807Z"}
{"level":"info","message":"WhatsApp message sent successfully","messageId":"SM9b6e3b6f47187719a5ac686bd5a7c7f9","retryCount":0,"service":"whatsapp-feedback","timestamp":"2025-09-22T17:55:01.632Z","to":"whatsapp:+917719447215"}
{"level":"info","message":"Survey sent successfully","service":"whatsapp-feedback","timestamp":"2025-09-22T17:55:01.636Z","to":"+917719447215"}
{"data":{"message":"Survey sent successfully","sentTo":"+917719447215","status":"success"},"level":"info","message":"Success response created","service":"whatsapp-feedback","statusCode":200,"timestamp":"2025-09-22T17:55:01.638Z"}
{"error":[{"context":{"child":"SmsMessageSid","key":"SmsMessageSid","label":"SmsMessageSid","value":"SM44a9369fa4f7f343523e9542745d7106"},"message":"\"SmsMessageSid\" is not allowed","path":["SmsMessageSid"],"type":"object.unknown"}],"level":"warn","message":"Invalid feedback input","service":"whatsapp-feedback","timestamp":"2025-09-22T17:55:11.500Z"}
{"level":"error","message":"Error response created \"SmsMessageSid\" is not allowed","service":"whatsapp-feedback","statusCode":400,"timestamp":"2025-09-22T17:55:11.503Z"}
{"level":"info","message":"Server running on http://localhost:3000","service":"whatsapp-feedback","timestamp":"2025-09-22T17:56:40.496Z"}
{"level":"info","message":"WhatsApp message sent successfully","messageId":"SMdb75be30825fa9097a1f9df055e04571","retryCount":0,"service":"whatsapp-feedback","timestamp":"2025-09-22T17:56:51.510Z","to":"whatsapp:+917719447215"}
{"level":"info","message":"Survey sent successfully","service":"whatsapp-feedback","timestamp":"2025-09-22T17:56:51.514Z","to":"+917719447215"}
{"data":{"message":"Survey sent successfully","sentTo":"+917719447215","status":"success"},"level":"info","message":"Success response created","service":"whatsapp-feedback","statusCode":200,"timestamp":"2025-09-22T17:56:51.518Z"}
{"error":"this.generateResponseMessage is not a function","level":"error","message":"Error processing feedback","service":"whatsapp-feedback","stack":"TypeError: this.generateResponseMessage is not a function\n    at FeedbackController.processFeedback (D:\\workspace\\MY_PROJECTS\\wa-feedback-service\\src\\controllers\\feedback.controller.js:59:34)\n    at FeedbackController.handleFeedback (D:\\workspace\\MY_PROJECTS\\wa-feedback-service\\src\\controllers\\feedback.controller.js:25:35)\n    at D:\\workspace\\MY_PROJECTS\\wa-feedback-service\\src\\routes\\webhook.routes.js:17:45\n    at Layer.handleRequest (D:\\workspace\\MY_PROJECTS\\wa-feedback-service\\node_modules\\router\\lib\\layer.js:152:17)\n    at next (D:\\workspace\\MY_PROJECTS\\wa-feedback-service\\node_modules\\router\\lib\\route.js:157:13)\n    at validateWebhook (D:\\workspace\\MY_PROJECTS\\wa-feedback-service\\src\\middleware\\validation.middleware.js:15:5)\n    at Layer.handleRequest (D:\\workspace\\MY_PROJECTS\\wa-feedback-service\\node_modules\\router\\lib\\layer.js:152:17)\n    at next (D:\\workspace\\MY_PROJECTS\\wa-feedback-service\\node_modules\\router\\lib\\route.js:157:13)\n    at Route.dispatch (D:\\workspace\\MY_PROJECTS\\wa-feedback-service\\node_modules\\router\\lib\\route.js:117:3)\n    at handle (D:\\workspace\\MY_PROJECTS\\wa-feedback-service\\node_modules\\router\\index.js:435:11)","timestamp":"2025-09-22T17:56:57.702Z"}
{"level":"error","message":"Error response created Internal server error","service":"whatsapp-feedback","statusCode":500,"timestamp":"2025-09-22T17:56:57.705Z"}
